<?xml version="1.0" encoding="UTF-8"?>
<!-- Generated by org.testng.reporters.JUnitXMLReporter -->
<testsuite ignored="0" hostname="LAPTOP-5K9H8Q3R" failures="0" tests="6" name="Test" time="9.621" errors="0" timestamp="2020-11-23T19:45:51 IST">
  <testcase classname="com.restApi.app.getMethodpractice" name="getMethodHandson" time="5.313"/>
  <testcase classname="com.restApi.app.getMethodpractice" name="test_2_post" time="0.004"/>
  <testcase classname="com.restApi.app.getMethodpractice" name="test_3_post" time="1.135"/>
  <testcase classname="com.restApi.app.getMethodpractice" name="test_4_post" time="1.11"/>
  <testcase classname="com.restApi.app.getMethodpractice" name="test_5_post" time="1.05"/>
  <testcase classname="com.restApi.app.getMethodpractice" name="test_6_post" time="0.923"/>
</testsuite> <!-- Test -->
