<?xml version="1.0" encoding="UTF-8"?>
<testng-results ignored="0" total="6" passed="6" failed="0" skipped="0">
  <reporter-output>
  </reporter-output>
  <suite started-at="2020-11-23T19:45:42 IST" name="Suite" finished-at="2020-11-23T19:45:51 IST" duration-ms="9621">
    <groups>
    </groups>
    <test started-at="2020-11-23T19:45:42 IST" name="Test" finished-at="2020-11-23T19:45:51 IST" duration-ms="9621">
      <class name="com.restApi.app.getMethodpractice">
        <test-method signature="getMethodHandson()[pri:0, instance:com.restApi.app.getMethodpractice@6973bf95]" started-at="2020-11-23T19:45:42 IST" name="getMethodHandson" finished-at="2020-11-23T19:45:47 IST" duration-ms="5313" status="PASS">
          <reporter-output>
          </reporter-output>
        </test-method> <!-- getMethodHandson -->
        <test-method signature="test_2_post()[pri:0, instance:com.restApi.app.getMethodpractice@6973bf95]" started-at="2020-11-23T19:45:47 IST" name="test_2_post" finished-at="2020-11-23T19:45:47 IST" duration-ms="4" status="PASS">
          <reporter-output>
          </reporter-output>
        </test-method> <!-- test_2_post -->
        <test-method signature="test_3_post()[pri:0, instance:com.restApi.app.getMethodpractice@6973bf95]" started-at="2020-11-23T19:45:47 IST" name="test_3_post" finished-at="2020-11-23T19:45:48 IST" duration-ms="1135" status="PASS">
          <reporter-output>
          </reporter-output>
        </test-method> <!-- test_3_post -->
        <test-method signature="test_4_post()[pri:0, instance:com.restApi.app.getMethodpractice@6973bf95]" started-at="2020-11-23T19:45:48 IST" name="test_4_post" finished-at="2020-11-23T19:45:49 IST" duration-ms="1110" status="PASS">
          <reporter-output>
          </reporter-output>
        </test-method> <!-- test_4_post -->
        <test-method signature="test_5_post()[pri:0, instance:com.restApi.app.getMethodpractice@6973bf95]" started-at="2020-11-23T19:45:49 IST" name="test_5_post" finished-at="2020-11-23T19:45:50 IST" duration-ms="1050" status="PASS">
          <reporter-output>
          </reporter-output>
        </test-method> <!-- test_5_post -->
        <test-method signature="test_6_post()[pri:0, instance:com.restApi.app.getMethodpractice@6973bf95]" started-at="2020-11-23T19:45:50 IST" name="test_6_post" finished-at="2020-11-23T19:45:51 IST" duration-ms="923" status="PASS">
          <reporter-output>
          </reporter-output>
        </test-method> <!-- test_6_post -->
      </class> <!-- com.restApi.app.getMethodpractice -->
    </test> <!-- Test -->
  </suite> <!-- Suite -->
</testng-results>
